<?xml version="1.0" encoding="UTF-8"?>
<!-- Generated by org.testng.reporters.JUnitXMLReporter -->
<testsuite hostname="EPKZKARW0372" name="Parallel trigonometry test" tests="4" failures="3" timestamp="2 Aug 2016 13:12:53 GMT" time="0.025" errors="0">
  <testcase name="cosPIDiv2" time="0.002" classname="com.epam.module3.TrigonometryTest">
    <failure type="java.lang.AssertionError" message="Incorrect cosine operation: expected [0.0] but found [1.0]">
      <![CDATA[java.lang.AssertionError: Incorrect cosine operation: expected [0.0] but found [1.0]
	at com.epam.module3.TrigonometryTest.cosPIDiv2(TrigonometryTest.java:36)
	at java.util.concurrent.ThreadPoolExecutor.runWorker(ThreadPoolExecutor.java:1142)
	at java.util.concurrent.ThreadPoolExecutor$Worker.run(ThreadPoolExecutor.java:617)
	at java.lang.Thread.run(Thread.java:745)
... Removed 13 stack frames]]>
    </failure>
  </testcase> <!-- cosPIDiv2 -->
  <testcase name="ctgPI" time="0.002" classname="com.epam.module3.TrigonometryTest">
    <failure type="org.testng.TestException" message="
Expected exception java.lang.NumberFormatException but got org.testng.TestException: 
Expected exception java.lang.NumberFormatException but got java.lang.AssertionError: Incorrect cotangent operation: expected [0.0] but found [0.99627207622075]">
      <![CDATA[org.testng.TestException: 
Expected exception java.lang.NumberFormatException but got java.lang.AssertionError: Incorrect cotangent operation: expected [0.0] but found [0.99627207622075]
	at java.util.concurrent.ThreadPoolExecutor.runWorker(ThreadPoolExecutor.java:1142)
	at java.util.concurrent.ThreadPoolExecutor$Worker.run(ThreadPoolExecutor.java:617)
	at java.lang.Thread.run(Thread.java:745)
Expected exception java.lang.NumberFormatException but got java.lang.AssertionError: Incorrect cotangent operation: expected [0.0] but found [0.99627207622075]
	... 5 more
Caused by: java.lang.AssertionError: Incorrect cotangent operation: expected [0.0] but found [0.99627207622075]
	at com.epam.module3.TrigonometryTest.ctgPI(TrigonometryTest.java:48)
	... 7 more
... Removed 19 stack frames]]>
    </failure>
  </testcase> <!-- ctgPI -->
  <testcase name="sinPIDiv2" time="0.0" classname="com.epam.module3.TrigonometryTest"/>
  <testcase name="tgPI" time="0.0" classname="com.epam.module3.TrigonometryTest">
    <failure type="java.lang.AssertionError" message="Incorrect tangent operation: expected [0.0] but found [1.0]">
      <![CDATA[java.lang.AssertionError: Incorrect tangent operation: expected [0.0] but found [1.0]
	at com.epam.module3.TrigonometryTest.tgPI(TrigonometryTest.java:42)
	at java.util.concurrent.ThreadPoolExecutor.runWorker(ThreadPoolExecutor.java:1142)
	at java.util.concurrent.ThreadPoolExecutor$Worker.run(ThreadPoolExecutor.java:617)
	at java.lang.Thread.run(Thread.java:745)
... Removed 13 stack frames]]>
    </failure>
  </testcase> <!-- tgPI -->
</testsuite> <!-- Parallel trigonometry test -->
