<?xml version="1.0" encoding="UTF-8"?>
<!-- Generated by org.testng.reporters.JUnitXMLReporter -->
<testsuite hostname="EPKZKARW0372" name="Test trigonometrical functions" tests="3" failures="2" timestamp="2 Aug 2016 13:12:53 GMT" time="0.003" errors="0">
  <testcase name="sinPIDiv2" time="0.0" classname="com.epam.module3.TrigonometryTest"/>
  <testcase name="cosPIDiv2" time="0.0" classname="com.epam.module3.TrigonometryTest">
    <failure type="java.lang.AssertionError" message="Incorrect cosine operation: expected [0.0] but found [1.0]">
      <![CDATA[java.lang.AssertionError: Incorrect cosine operation: expected [0.0] but found [1.0]
	at com.epam.module3.TrigonometryTest.cosPIDiv2(TrigonometryTest.java:36)
	at java.util.concurrent.ThreadPoolExecutor.runWorker(ThreadPoolExecutor.java:1142)
	at java.util.concurrent.ThreadPoolExecutor$Worker.run(ThreadPoolExecutor.java:617)
	at java.lang.Thread.run(Thread.java:745)
... Removed 13 stack frames]]>
    </failure>
  </testcase> <!-- cosPIDiv2 -->
  <testcase name="tgPI" time="0.0" classname="com.epam.module3.TrigonometryTest">
    <failure type="java.lang.AssertionError" message="Incorrect tangent operation: expected [0.0] but found [1.0]">
      <![CDATA[java.lang.AssertionError: Incorrect tangent operation: expected [0.0] but found [1.0]
	at com.epam.module3.TrigonometryTest.tgPI(TrigonometryTest.java:42)
	at java.util.concurrent.ThreadPoolExecutor.runWorker(ThreadPoolExecutor.java:1142)
	at java.util.concurrent.ThreadPoolExecutor$Worker.run(ThreadPoolExecutor.java:617)
	at java.lang.Thread.run(Thread.java:745)
... Removed 13 stack frames]]>
    </failure>
  </testcase> <!-- tgPI -->
</testsuite> <!-- Test trigonometrical functions -->
